2013-07-04 12:50:40[WARN] user: celliott
localhost:3000http://localhost:3000/
Unused Eager Loading detected
  Artist => [:artworks]
  Remove from your finder: :include => [:artworks]2013-07-07 16:43:47[WARN] user: celliott
localhost:3000http://localhost:3000/artists.json?sEcho=1&iColumns=7&sColumns=&iDisplayStart=0&iDisplayLength=25&mDataProp_0=0&mDataProp_1=1&mDataProp_2=2&mDataProp_3=3&mDataProp_4=4&mDataProp_5=5&mDataProp_6=6&sSearch=&bRegex=false&sSearch_0=&bRegex_0=false&bSearchable_0=true&sSearch_1=&bRegex_1=false&bSearchable_1=true&sSearch_2=&bRegex_2=false&bSearchable_2=true&sSearch_3=&bRegex_3=false&bSearchable_3=true&sSearch_4=&bRegex_4=false&bSearchable_4=true&sSearch_5=&bRegex_5=false&bSearchable_5=true&sSearch_6=&bRegex_6=false&bSearchable_6=true&iSortCol_0=0&sSortDir_0=asc&iSortingCols=1&bSortable_0=true&bSortable_1=true&bSortable_2=false&bSortable_3=false&bSortable_4=false&bSortable_5=false&bSortable_6=false&_=1373229827324
Need Counter Cache
  Artist => [:artworks]2013-07-07 16:44:17[WARN] user: celliott
localhost:3000http://localhost:3000/artists.json?_=1373229856900
Need Counter Cache
  Artist => [:artworks]2013-07-07 16:44:17[WARN] user: celliott
localhost:3000http://localhost:3000/artists.json?sEcho=2&iColumns=7&sColumns=&iDisplayStart=0&iDisplayLength=25&mDataProp_0=0&mDataProp_1=1&mDataProp_2=2&mDataProp_3=3&mDataProp_4=4&mDataProp_5=5&mDataProp_6=6&sSearch=&bRegex=false&sSearch_0=&bRegex_0=false&bSearchable_0=true&sSearch_1=&bRegex_1=false&bSearchable_1=true&sSearch_2=&bRegex_2=false&bSearchable_2=true&sSearch_3=&bRegex_3=false&bSearchable_3=true&sSearch_4=&bRegex_4=false&bSearchable_4=true&sSearch_5=&bRegex_5=false&bSearchable_5=true&sSearch_6=&bRegex_6=false&bSearchable_6=true&iSortCol_0=0&sSortDir_0=asc&iSortingCols=1&bSortable_0=true&bSortable_1=true&bSortable_2=false&bSortable_3=false&bSortable_4=false&bSortable_5=false&bSortable_6=false&_=1373229857070
Need Counter Cache
  Artist => [:artworks]2013-07-07 16:50:17[WARN] user: celliott
localhost:3000http://localhost:3000/artists.json?sEcho=1&iColumns=7&sColumns=&iDisplayStart=0&iDisplayLength=25&mDataProp_0=0&mDataProp_1=1&mDataProp_2=2&mDataProp_3=3&mDataProp_4=4&mDataProp_5=5&mDataProp_6=6&sSearch=&bRegex=false&sSearch_0=&bRegex_0=false&bSearchable_0=true&sSearch_1=&bRegex_1=false&bSearchable_1=true&sSearch_2=&bRegex_2=false&bSearchable_2=true&sSearch_3=&bRegex_3=false&bSearchable_3=true&sSearch_4=&bRegex_4=false&bSearchable_4=true&sSearch_5=&bRegex_5=false&bSearchable_5=true&sSearch_6=&bRegex_6=false&bSearchable_6=true&iSortCol_0=0&sSortDir_0=asc&iSortingCols=1&bSortable_0=true&bSortable_1=true&bSortable_2=false&bSortable_3=false&bSortable_4=false&bSortable_5=false&bSortable_6=false&_=1373230217125
Need Counter Cache
  Artist => [:artworks]2013-07-07 16:50:21[WARN] user: celliott
localhost:3000http://localhost:3000/artists.json?sEcho=1&iColumns=7&sColumns=&iDisplayStart=0&iDisplayLength=25&mDataProp_0=0&mDataProp_1=1&mDataProp_2=2&mDataProp_3=3&mDataProp_4=4&mDataProp_5=5&mDataProp_6=6&sSearch=&bRegex=false&sSearch_0=&bRegex_0=false&bSearchable_0=true&sSearch_1=&bRegex_1=false&bSearchable_1=true&sSearch_2=&bRegex_2=false&bSearchable_2=true&sSearch_3=&bRegex_3=false&bSearchable_3=true&sSearch_4=&bRegex_4=false&bSearchable_4=true&sSearch_5=&bRegex_5=false&bSearchable_5=true&sSearch_6=&bRegex_6=false&bSearchable_6=true&iSortCol_0=0&sSortDir_0=asc&iSortingCols=1&bSortable_0=true&bSortable_1=true&bSortable_2=false&bSortable_3=false&bSortable_4=false&bSortable_5=false&bSortable_6=false&_=1373230221579
Need Counter Cache
  Artist => [:artworks]2013-07-08 12:43:23[WARN] user: celliott
localhost:3000http://localhost:3000/artists.json?sEcho=1&iColumns=7&sColumns=&iDisplayStart=0&iDisplayLength=25&mDataProp_0=0&mDataProp_1=1&mDataProp_2=2&mDataProp_3=3&mDataProp_4=4&mDataProp_5=5&mDataProp_6=6&sSearch=&bRegex=false&sSearch_0=&bRegex_0=false&bSearchable_0=true&sSearch_1=&bRegex_1=false&bSearchable_1=true&sSearch_2=&bRegex_2=false&bSearchable_2=true&sSearch_3=&bRegex_3=false&bSearchable_3=true&sSearch_4=&bRegex_4=false&bSearchable_4=true&sSearch_5=&bRegex_5=false&bSearchable_5=true&sSearch_6=&bRegex_6=false&bSearchable_6=true&iSortCol_0=0&sSortDir_0=asc&iSortingCols=1&bSortable_0=true&bSortable_1=true&bSortable_2=false&bSortable_3=false&bSortable_4=false&bSortable_5=false&bSortable_6=false&_=1373301803159
Need Counter Cache
  Artist => [:artworks]2013-07-08 12:43:47[WARN] user: celliott
localhost:3000http://localhost:3000/artists.json?_=1373301827030
Need Counter Cache
  Artist => [:artworks]2013-07-08 12:43:47[WARN] user: celliott
localhost:3000http://localhost:3000/artists.json?sEcho=2&iColumns=7&sColumns=&iDisplayStart=0&iDisplayLength=25&mDataProp_0=0&mDataProp_1=1&mDataProp_2=2&mDataProp_3=3&mDataProp_4=4&mDataProp_5=5&mDataProp_6=6&sSearch=&bRegex=false&sSearch_0=&bRegex_0=false&bSearchable_0=true&sSearch_1=&bRegex_1=false&bSearchable_1=true&sSearch_2=&bRegex_2=false&bSearchable_2=true&sSearch_3=&bRegex_3=false&bSearchable_3=true&sSearch_4=&bRegex_4=false&bSearchable_4=true&sSearch_5=&bRegex_5=false&bSearchable_5=true&sSearch_6=&bRegex_6=false&bSearchable_6=true&iSortCol_0=0&sSortDir_0=asc&iSortingCols=1&bSortable_0=true&bSortable_1=true&bSortable_2=false&bSortable_3=false&bSortable_4=false&bSortable_5=false&bSortable_6=false&_=1373301827213
Need Counter Cache
  Artist => [:artworks]2013-07-08 12:43:51[WARN] user: celliott
localhost:3000http://localhost:3000/artists.json?_=1373301831105
Need Counter Cache
  Artist => [:artworks]2013-07-08 12:43:51[WARN] user: celliott
localhost:3000http://localhost:3000/artists.json?sEcho=3&iColumns=7&sColumns=&iDisplayStart=0&iDisplayLength=25&mDataProp_0=0&mDataProp_1=1&mDataProp_2=2&mDataProp_3=3&mDataProp_4=4&mDataProp_5=5&mDataProp_6=6&sSearch=&bRegex=false&sSearch_0=&bRegex_0=false&bSearchable_0=true&sSearch_1=&bRegex_1=false&bSearchable_1=true&sSearch_2=&bRegex_2=false&bSearchable_2=true&sSearch_3=&bRegex_3=false&bSearchable_3=true&sSearch_4=&bRegex_4=false&bSearchable_4=true&sSearch_5=&bRegex_5=false&bSearchable_5=true&sSearch_6=&bRegex_6=false&bSearchable_6=true&iSortCol_0=0&sSortDir_0=asc&iSortingCols=1&bSortable_0=true&bSortable_1=true&bSortable_2=false&bSortable_3=false&bSortable_4=false&bSortable_5=false&bSortable_6=false&_=1373301831299
Need Counter Cache
  Artist => [:artworks]2013-07-08 12:56:16[WARN] user: celliott
localhost:3000http://localhost:3000/artists.json?sEcho=1&iColumns=7&sColumns=&iDisplayStart=0&iDisplayLength=25&mDataProp_0=0&mDataProp_1=1&mDataProp_2=2&mDataProp_3=3&mDataProp_4=4&mDataProp_5=5&mDataProp_6=6&sSearch=&bRegex=false&sSearch_0=&bRegex_0=false&bSearchable_0=true&sSearch_1=&bRegex_1=false&bSearchable_1=true&sSearch_2=&bRegex_2=false&bSearchable_2=true&sSearch_3=&bRegex_3=false&bSearchable_3=true&sSearch_4=&bRegex_4=false&bSearchable_4=true&sSearch_5=&bRegex_5=false&bSearchable_5=true&sSearch_6=&bRegex_6=false&bSearchable_6=true&iSortCol_0=0&sSortDir_0=asc&iSortingCols=1&bSortable_0=true&bSortable_1=true&bSortable_2=false&bSortable_3=false&bSortable_4=false&bSortable_5=false&bSortable_6=false&_=1373302576415
Need Counter Cache
  Artist => [:artworks]2013-07-08 13:03:02[WARN] user: celliott
localhost:3000http://localhost:3000/artists.json?sEcho=1&iColumns=7&sColumns=&iDisplayStart=0&iDisplayLength=25&mDataProp_0=0&mDataProp_1=1&mDataProp_2=2&mDataProp_3=3&mDataProp_4=4&mDataProp_5=5&mDataProp_6=6&sSearch=&bRegex=false&sSearch_0=&bRegex_0=false&bSearchable_0=true&sSearch_1=&bRegex_1=false&bSearchable_1=true&sSearch_2=&bRegex_2=false&bSearchable_2=true&sSearch_3=&bRegex_3=false&bSearchable_3=true&sSearch_4=&bRegex_4=false&bSearchable_4=true&sSearch_5=&bRegex_5=false&bSearchable_5=true&sSearch_6=&bRegex_6=false&bSearchable_6=true&iSortCol_0=0&sSortDir_0=asc&iSortingCols=1&bSortable_0=true&bSortable_1=true&bSortable_2=false&bSortable_3=false&bSortable_4=false&bSortable_5=false&bSortable_6=false&_=1373302982633
Need Counter Cache
  Artist => [:artworks]2013-07-08 16:06:41[WARN] user: celliott
localhost:3000http://localhost:3000/artists.json?sEcho=1&iColumns=7&sColumns=&iDisplayStart=0&iDisplayLength=25&mDataProp_0=0&mDataProp_1=1&mDataProp_2=2&mDataProp_3=3&mDataProp_4=4&mDataProp_5=5&mDataProp_6=6&sSearch=&bRegex=false&sSearch_0=&bRegex_0=false&bSearchable_0=true&sSearch_1=&bRegex_1=false&bSearchable_1=true&sSearch_2=&bRegex_2=false&bSearchable_2=true&sSearch_3=&bRegex_3=false&bSearchable_3=true&sSearch_4=&bRegex_4=false&bSearchable_4=true&sSearch_5=&bRegex_5=false&bSearchable_5=true&sSearch_6=&bRegex_6=false&bSearchable_6=true&iSortCol_0=0&sSortDir_0=asc&iSortingCols=1&bSortable_0=true&bSortable_1=true&bSortable_2=false&bSortable_3=false&bSortable_4=false&bSortable_5=false&bSortable_6=false&_=1373314001303
Need Counter Cache
  Artist => [:artworks]2013-07-08 16:06:56[WARN] user: celliott
localhost:3000http://localhost:3000/artists.json?_=1373314016433
Need Counter Cache
  Artist => [:artworks]2013-07-08 16:06:56[WARN] user: celliott
localhost:3000http://localhost:3000/artists.json?sEcho=2&iColumns=7&sColumns=&iDisplayStart=0&iDisplayLength=25&mDataProp_0=0&mDataProp_1=1&mDataProp_2=2&mDataProp_3=3&mDataProp_4=4&mDataProp_5=5&mDataProp_6=6&sSearch=&bRegex=false&sSearch_0=&bRegex_0=false&bSearchable_0=true&sSearch_1=&bRegex_1=false&bSearchable_1=true&sSearch_2=&bRegex_2=false&bSearchable_2=true&sSearch_3=&bRegex_3=false&bSearchable_3=true&sSearch_4=&bRegex_4=false&bSearchable_4=true&sSearch_5=&bRegex_5=false&bSearchable_5=true&sSearch_6=&bRegex_6=false&bSearchable_6=true&iSortCol_0=0&sSortDir_0=asc&iSortingCols=1&bSortable_0=true&bSortable_1=true&bSortable_2=false&bSortable_3=false&bSortable_4=false&bSortable_5=false&bSortable_6=false&_=1373314016565
Need Counter Cache
  Artist => [:artworks]2013-07-08 16:07:02[WARN] user: celliott
localhost:3000http://localhost:3000/artists.json?sEcho=1&iColumns=7&sColumns=&iDisplayStart=0&iDisplayLength=25&mDataProp_0=0&mDataProp_1=1&mDataProp_2=2&mDataProp_3=3&mDataProp_4=4&mDataProp_5=5&mDataProp_6=6&sSearch=&bRegex=false&sSearch_0=&bRegex_0=false&bSearchable_0=true&sSearch_1=&bRegex_1=false&bSearchable_1=true&sSearch_2=&bRegex_2=false&bSearchable_2=true&sSearch_3=&bRegex_3=false&bSearchable_3=true&sSearch_4=&bRegex_4=false&bSearchable_4=true&sSearch_5=&bRegex_5=false&bSearchable_5=true&sSearch_6=&bRegex_6=false&bSearchable_6=true&iSortCol_0=0&sSortDir_0=asc&iSortingCols=1&bSortable_0=true&bSortable_1=true&bSortable_2=false&bSortable_3=false&bSortable_4=false&bSortable_5=false&bSortable_6=false&_=1373314022449
Need Counter Cache
  Artist => [:artworks]2013-07-08 16:07:12[WARN] user: celliott
localhost:3000http://localhost:3000/artists.json?_=1373314032236
Need Counter Cache
  Artist => [:artworks]2013-07-08 16:07:12[WARN] user: celliott
localhost:3000http://localhost:3000/artists.json?sEcho=2&iColumns=7&sColumns=&iDisplayStart=0&iDisplayLength=25&mDataProp_0=0&mDataProp_1=1&mDataProp_2=2&mDataProp_3=3&mDataProp_4=4&mDataProp_5=5&mDataProp_6=6&sSearch=&bRegex=false&sSearch_0=&bRegex_0=false&bSearchable_0=true&sSearch_1=&bRegex_1=false&bSearchable_1=true&sSearch_2=&bRegex_2=false&bSearchable_2=true&sSearch_3=&bRegex_3=false&bSearchable_3=true&sSearch_4=&bRegex_4=false&bSearchable_4=true&sSearch_5=&bRegex_5=false&bSearchable_5=true&sSearch_6=&bRegex_6=false&bSearchable_6=true&iSortCol_0=0&sSortDir_0=asc&iSortingCols=1&bSortable_0=true&bSortable_1=true&bSortable_2=false&bSortable_3=false&bSortable_4=false&bSortable_5=false&bSortable_6=false&_=1373314032364
Need Counter Cache
  Artist => [:artworks]2013-07-08 16:07:18[WARN] user: celliott
localhost:3000http://localhost:3000/artists.json?sEcho=1&iColumns=7&sColumns=&iDisplayStart=0&iDisplayLength=25&mDataProp_0=0&mDataProp_1=1&mDataProp_2=2&mDataProp_3=3&mDataProp_4=4&mDataProp_5=5&mDataProp_6=6&sSearch=&bRegex=false&sSearch_0=&bRegex_0=false&bSearchable_0=true&sSearch_1=&bRegex_1=false&bSearchable_1=true&sSearch_2=&bRegex_2=false&bSearchable_2=true&sSearch_3=&bRegex_3=false&bSearchable_3=true&sSearch_4=&bRegex_4=false&bSearchable_4=true&sSearch_5=&bRegex_5=false&bSearchable_5=true&sSearch_6=&bRegex_6=false&bSearchable_6=true&iSortCol_0=0&sSortDir_0=asc&iSortingCols=1&bSortable_0=true&bSortable_1=true&bSortable_2=false&bSortable_3=false&bSortable_4=false&bSortable_5=false&bSortable_6=false&_=1373314038183
Need Counter Cache
  Artist => [:artworks]2013-07-08 16:09:53[WARN] user: celliott
localhost:3000http://localhost:3000/artists.json?sEcho=1&iColumns=7&sColumns=&iDisplayStart=0&iDisplayLength=25&mDataProp_0=0&mDataProp_1=1&mDataProp_2=2&mDataProp_3=3&mDataProp_4=4&mDataProp_5=5&mDataProp_6=6&sSearch=&bRegex=false&sSearch_0=&bRegex_0=false&bSearchable_0=true&sSearch_1=&bRegex_1=false&bSearchable_1=true&sSearch_2=&bRegex_2=false&bSearchable_2=true&sSearch_3=&bRegex_3=false&bSearchable_3=true&sSearch_4=&bRegex_4=false&bSearchable_4=true&sSearch_5=&bRegex_5=false&bSearchable_5=true&sSearch_6=&bRegex_6=false&bSearchable_6=true&iSortCol_0=0&sSortDir_0=asc&iSortingCols=1&bSortable_0=true&bSortable_1=true&bSortable_2=false&bSortable_3=false&bSortable_4=false&bSortable_5=false&bSortable_6=false&_=1373314193045
Need Counter Cache
  Artist => [:artworks]2013-07-08 16:42:21[WARN] user: celliott
localhost:3000http://localhost:3000/artists.json?sEcho=1&iColumns=7&sColumns=&iDisplayStart=0&iDisplayLength=25&mDataProp_0=0&mDataProp_1=1&mDataProp_2=2&mDataProp_3=3&mDataProp_4=4&mDataProp_5=5&mDataProp_6=6&sSearch=&bRegex=false&sSearch_0=&bRegex_0=false&bSearchable_0=true&sSearch_1=&bRegex_1=false&bSearchable_1=true&sSearch_2=&bRegex_2=false&bSearchable_2=true&sSearch_3=&bRegex_3=false&bSearchable_3=true&sSearch_4=&bRegex_4=false&bSearchable_4=true&sSearch_5=&bRegex_5=false&bSearchable_5=true&sSearch_6=&bRegex_6=false&bSearchable_6=true&iSortCol_0=0&sSortDir_0=asc&iSortingCols=1&bSortable_0=true&bSortable_1=true&bSortable_2=false&bSortable_3=false&bSortable_4=false&bSortable_5=false&bSortable_6=false&_=1373316141622
Need Counter Cache
  Artist => [:artworks]